clockworkd.clock: process with pid 23820 started.
/home/bugme666/.rbenv/versions/2.1.3/lib/ruby/gems/2.1.0/gems/bundler-1.7.3/lib/bundler/runtime.rb:34:in `block in setup': You have already activated clockwork 1.0.0, but your Gemfile requires clockwork 1.0.2. Prepending `bundle exec` to your command may solve this. (Gem::LoadError)
	from /home/bugme666/.rbenv/versions/2.1.3/lib/ruby/gems/2.1.0/gems/bundler-1.7.3/lib/bundler/runtime.rb:19:in `setup'
	from /home/bugme666/.rbenv/versions/2.1.3/lib/ruby/gems/2.1.0/gems/bundler-1.7.3/lib/bundler.rb:121:in `setup'
	from /home/bugme666/.rbenv/versions/2.1.3/lib/ruby/gems/2.1.0/gems/bundler-1.7.3/lib/bundler/setup.rb:17:in `<top (required)>'
	from /home/bugme666/.rbenv/versions/2.1.3/lib/ruby/site_ruby/2.1.0/rubygems/core_ext/kernel_require.rb:128:in `require'
	from /home/bugme666/.rbenv/versions/2.1.3/lib/ruby/site_ruby/2.1.0/rubygems/core_ext/kernel_require.rb:128:in `rescue in require'
	from /home/bugme666/.rbenv/versions/2.1.3/lib/ruby/site_ruby/2.1.0/rubygems/core_ext/kernel_require.rb:39:in `require'
	from /home/bugme666/Coding/RubymineProjects/informator/config/boot.rb:3:in `<top (required)>'
	from /home/bugme666/Coding/RubymineProjects/informator/config/clock.rb:3:in `require_relative'
	from /home/bugme666/Coding/RubymineProjects/informator/config/clock.rb:3:in `<top (required)>'
	from /home/bugme666/.rbenv/versions/2.1.3/lib/ruby/site_ruby/2.1.0/rubygems/core_ext/kernel_require.rb:54:in `require'
	from /home/bugme666/.rbenv/versions/2.1.3/lib/ruby/site_ruby/2.1.0/rubygems/core_ext/kernel_require.rb:54:in `require'
	from /home/bugme666/.rbenv/versions/2.1.3/lib/ruby/gems/2.1.0/gems/clockwork-1.0.0/bin/clockworkd:88:in `block in <top (required)>'
	from /home/bugme666/.rbenv/versions/2.1.3/lib/ruby/gems/2.1.0/gems/daemons-1.1.9/lib/daemons/application.rb:255:in `call'
	from /home/bugme666/.rbenv/versions/2.1.3/lib/ruby/gems/2.1.0/gems/daemons-1.1.9/lib/daemons/application.rb:255:in `block in start_proc'
	from /home/bugme666/.rbenv/versions/2.1.3/lib/ruby/gems/2.1.0/gems/daemons-1.1.9/lib/daemons/daemonize.rb:82:in `call'
	from /home/bugme666/.rbenv/versions/2.1.3/lib/ruby/gems/2.1.0/gems/daemons-1.1.9/lib/daemons/daemonize.rb:82:in `call_as_daemon'
	from /home/bugme666/.rbenv/versions/2.1.3/lib/ruby/gems/2.1.0/gems/daemons-1.1.9/lib/daemons/application.rb:259:in `start_proc'
	from /home/bugme666/.rbenv/versions/2.1.3/lib/ruby/gems/2.1.0/gems/daemons-1.1.9/lib/daemons/application.rb:296:in `start'
	from /home/bugme666/.rbenv/versions/2.1.3/lib/ruby/gems/2.1.0/gems/daemons-1.1.9/lib/daemons/controller.rb:70:in `run'
	from /home/bugme666/.rbenv/versions/2.1.3/lib/ruby/gems/2.1.0/gems/daemons-1.1.9/lib/daemons.rb:197:in `block in run_proc'
	from /home/bugme666/.rbenv/versions/2.1.3/lib/ruby/gems/2.1.0/gems/daemons-1.1.9/lib/daemons/cmdline.rb:109:in `call'
	from /home/bugme666/.rbenv/versions/2.1.3/lib/ruby/gems/2.1.0/gems/daemons-1.1.9/lib/daemons/cmdline.rb:109:in `catch_exceptions'
	from /home/bugme666/.rbenv/versions/2.1.3/lib/ruby/gems/2.1.0/gems/daemons-1.1.9/lib/daemons.rb:196:in `run_proc'
	from /home/bugme666/.rbenv/versions/2.1.3/lib/ruby/gems/2.1.0/gems/clockwork-1.0.0/bin/clockworkd:84:in `<top (required)>'
	from /home/bugme666/.rbenv/versions/2.1.3/bin/clockworkd:23:in `load'
	from /home/bugme666/.rbenv/versions/2.1.3/bin/clockworkd:23:in `<main>'
clockworkd.clock: process with pid 24287 started.
I, [2014-10-16T13:09:50.774221 #24287]  INFO -- : Starting clock for 1 events: [ sync_database_events_for_model_Setting ]
I, [2014-10-16T13:09:50.774323 #24287]  INFO -- : Triggering 'sync_database_events_for_model_Setting'
I, [2014-10-16T13:09:51.775737 #24287]  INFO -- : Triggering 'Setting:2'
I, [2014-10-16T13:10:12.015496 #24287]  INFO -- : Triggering 'Setting:2'
I, [2014-10-16T13:10:32.150348 #24287]  INFO -- : Triggering 'Setting:2'
I, [2014-10-16T13:10:51.270520 #24287]  INFO -- : Triggering 'sync_database_events_for_model_Setting'
I, [2014-10-16T13:10:52.272463 #24287]  INFO -- : Triggering 'Setting:2'
I, [2014-10-16T13:11:12.413260 #24287]  INFO -- : Triggering 'Setting:2'
I, [2014-10-16T13:11:32.420738 #24287]  INFO -- : Triggering 'Setting:2'
I, [2014-10-16T13:11:51.429017 #24287]  INFO -- : Triggering 'sync_database_events_for_model_Setting'
I, [2014-10-16T13:11:52.430080 #24287]  INFO -- : Triggering 'Setting:2'
I, [2014-10-16T13:12:12.472803 #24287]  INFO -- : Triggering 'Setting:2'
I, [2014-10-16T13:12:32.518181 #24287]  INFO -- : Triggering 'Setting:2'
I, [2014-10-16T13:12:51.626759 #24287]  INFO -- : Triggering 'sync_database_events_for_model_Setting'
I, [2014-10-16T13:12:52.627931 #24287]  INFO -- : Triggering 'Setting:2'
I, [2014-10-16T13:13:12.724375 #24287]  INFO -- : Triggering 'Setting:2'
I, [2014-10-16T13:13:32.840978 #24287]  INFO -- : Triggering 'Setting:2'
I, [2014-10-16T13:13:51.961834 #24287]  INFO -- : Triggering 'sync_database_events_for_model_Setting'
I, [2014-10-16T13:13:52.962915 #24287]  INFO -- : Triggering 'Setting:2'
I, [2014-10-16T13:14:13.057083 #24287]  INFO -- : Triggering 'Setting:2'
I, [2014-10-16T13:14:33.164072 #24287]  INFO -- : Triggering 'Setting:2'
I, [2014-10-16T13:14:52.277085 #24287]  INFO -- : Triggering 'sync_database_events_for_model_Setting'
I, [2014-10-16T13:14:53.278110 #24287]  INFO -- : Triggering 'Setting:2'
I, [2014-10-16T13:15:13.388712 #24287]  INFO -- : Triggering 'Setting:2'
I, [2014-10-16T13:15:33.503363 #24287]  INFO -- : Triggering 'Setting:2'
I, [2014-10-16T13:15:52.618270 #24287]  INFO -- : Triggering 'sync_database_events_for_model_Setting'
I, [2014-10-16T13:15:53.619398 #24287]  INFO -- : Triggering 'Setting:2'
I, [2014-10-16T13:16:13.720584 #24287]  INFO -- : Triggering 'Setting:2'
I, [2014-10-16T13:16:34.001794 #24287]  INFO -- : Triggering 'Setting:2'
I, [2014-10-16T13:16:53.114358 #24287]  INFO -- : Triggering 'sync_database_events_for_model_Setting'
I, [2014-10-16T13:16:54.115474 #24287]  INFO -- : Triggering 'Setting:2'
clockworkd.clock: process with pid 14177 started.
clockworkd.clock: process with pid 22884 started.
clockworkd.clock: process with pid 23001 started.
/home/bugme666/.rbenv/versions/2.1.3/lib/ruby/gems/2.1.0/gems/sqlite3-1.3.9/lib/sqlite3/statement.rb:108:in `step': SQLite3::SQLException: cannot rollback - no transaction is active: rollback transaction (ActiveRecord::StatementInvalid)
	from /home/bugme666/.rbenv/versions/2.1.3/lib/ruby/gems/2.1.0/gems/sqlite3-1.3.9/lib/sqlite3/statement.rb:108:in `block in each'
	from /home/bugme666/.rbenv/versions/2.1.3/lib/ruby/gems/2.1.0/gems/sqlite3-1.3.9/lib/sqlite3/statement.rb:107:in `loop'
	from /home/bugme666/.rbenv/versions/2.1.3/lib/ruby/gems/2.1.0/gems/sqlite3-1.3.9/lib/sqlite3/statement.rb:107:in `each'
	from /home/bugme666/.rbenv/versions/2.1.3/lib/ruby/gems/2.1.0/gems/sqlite3-1.3.9/lib/sqlite3/database.rb:149:in `map'
	from /home/bugme666/.rbenv/versions/2.1.3/lib/ruby/gems/2.1.0/gems/sqlite3-1.3.9/lib/sqlite3/database.rb:149:in `block in execute'
	from /home/bugme666/.rbenv/versions/2.1.3/lib/ruby/gems/2.1.0/gems/sqlite3-1.3.9/lib/sqlite3/database.rb:95:in `prepare'
	from /home/bugme666/.rbenv/versions/2.1.3/lib/ruby/gems/2.1.0/gems/sqlite3-1.3.9/lib/sqlite3/database.rb:134:in `execute'
	from /home/bugme666/.rbenv/versions/2.1.3/lib/ruby/gems/2.1.0/gems/sqlite3-1.3.9/lib/sqlite3/database.rb:526:in `rollback'
	from /home/bugme666/.rbenv/versions/2.1.3/lib/ruby/gems/2.1.0/gems/activerecord-4.2.0.beta2/lib/active_record/connection_adapters/sqlite3_adapter.rb:367:in `block in rollback_db_transaction'
	from /home/bugme666/.rbenv/versions/2.1.3/lib/ruby/gems/2.1.0/gems/activerecord-4.2.0.beta2/lib/active_record/connection_adapters/abstract_adapter.rb:464:in `block in log'
	from /home/bugme666/.rbenv/versions/2.1.3/lib/ruby/gems/2.1.0/gems/activesupport-4.2.0.beta2/lib/active_support/notifications/instrumenter.rb:20:in `instrument'
	from /home/bugme666/.rbenv/versions/2.1.3/lib/ruby/gems/2.1.0/gems/activerecord-4.2.0.beta2/lib/active_record/connection_adapters/abstract_adapter.rb:458:in `log'
	from /home/bugme666/.rbenv/versions/2.1.3/lib/ruby/gems/2.1.0/gems/activerecord-4.2.0.beta2/lib/active_record/connection_adapters/sqlite3_adapter.rb:367:in `rollback_db_transaction'
	from /home/bugme666/.rbenv/versions/2.1.3/lib/ruby/gems/2.1.0/gems/activerecord-4.2.0.beta2/lib/active_record/connection_adapters/abstract/transaction.rb:149:in `rollback'
	from /home/bugme666/.rbenv/versions/2.1.3/lib/ruby/gems/2.1.0/gems/activerecord-4.2.0.beta2/lib/active_record/connection_adapters/abstract/transaction.rb:200:in `rescue in within_new_transaction'
	from /home/bugme666/.rbenv/versions/2.1.3/lib/ruby/gems/2.1.0/gems/activerecord-4.2.0.beta2/lib/active_record/connection_adapters/abstract/transaction.rb:197:in `within_new_transaction'
	from /home/bugme666/.rbenv/versions/2.1.3/lib/ruby/gems/2.1.0/gems/activerecord-4.2.0.beta2/lib/active_record/connection_adapters/abstract/database_statements.rb:213:in `transaction'
	from /home/bugme666/.rbenv/versions/2.1.3/lib/ruby/gems/2.1.0/gems/activerecord-4.2.0.beta2/lib/active_record/transactions.rb:218:in `transaction'
	from /home/bugme666/.rbenv/versions/2.1.3/lib/ruby/gems/2.1.0/gems/activerecord-4.2.0.beta2/lib/active_record/transactions.rb:342:in `with_transaction_returning_status'
	from /home/bugme666/.rbenv/versions/2.1.3/lib/ruby/gems/2.1.0/gems/activerecord-4.2.0.beta2/lib/active_record/transactions.rb:284:in `block in save'
	from /home/bugme666/.rbenv/versions/2.1.3/lib/ruby/gems/2.1.0/gems/activerecord-4.2.0.beta2/lib/active_record/transactions.rb:299:in `rollback_active_record_state!'
	from /home/bugme666/.rbenv/versions/2.1.3/lib/ruby/gems/2.1.0/gems/activerecord-4.2.0.beta2/lib/active_record/transactions.rb:283:in `save'
	from /home/bugme666/.rbenv/versions/2.1.3/lib/ruby/gems/2.1.0/gems/activerecord-4.2.0.beta2/lib/active_record/persistence.rb:34:in `create'
	from /home/bugme666/Coding/RubymineProjects/informator/app/models/feed.rb:20:in `block in load_file'
	from /home/bugme666/Coding/RubymineProjects/informator/app/models/feed.rb:18:in `each'
	from /home/bugme666/Coding/RubymineProjects/informator/app/models/feed.rb:18:in `load_file'
	from /home/bugme666/Coding/RubymineProjects/informator/config/initializers/informator_loader.rb:1:in `<top (required)>'
	from /home/bugme666/.rbenv/versions/2.1.3/lib/ruby/gems/2.1.0/gems/activesupport-4.2.0.beta2/lib/active_support/dependencies.rb:242:in `load'
	from /home/bugme666/.rbenv/versions/2.1.3/lib/ruby/gems/2.1.0/gems/activesupport-4.2.0.beta2/lib/active_support/dependencies.rb:242:in `block in load'
	from /home/bugme666/.rbenv/versions/2.1.3/lib/ruby/gems/2.1.0/gems/activesupport-4.2.0.beta2/lib/active_support/dependencies.rb:233:in `load_dependency'
	from /home/bugme666/.rbenv/versions/2.1.3/lib/ruby/gems/2.1.0/gems/activesupport-4.2.0.beta2/lib/active_support/dependencies.rb:242:in `load'
	from /home/bugme666/.rbenv/versions/2.1.3/lib/ruby/gems/2.1.0/gems/railties-4.2.0.beta2/lib/rails/engine.rb:648:in `block in load_config_initializer'
	from /home/bugme666/.rbenv/versions/2.1.3/lib/ruby/gems/2.1.0/gems/activesupport-4.2.0.beta2/lib/active_support/notifications.rb:166:in `instrument'
	from /home/bugme666/.rbenv/versions/2.1.3/lib/ruby/gems/2.1.0/gems/railties-4.2.0.beta2/lib/rails/engine.rb:647:in `load_config_initializer'
	from /home/bugme666/.rbenv/versions/2.1.3/lib/ruby/gems/2.1.0/gems/railties-4.2.0.beta2/lib/rails/engine.rb:612:in `block (2 levels) in <class:Engine>'
	from /home/bugme666/.rbenv/versions/2.1.3/lib/ruby/gems/2.1.0/gems/railties-4.2.0.beta2/lib/rails/engine.rb:611:in `each'
	from /home/bugme666/.rbenv/versions/2.1.3/lib/ruby/gems/2.1.0/gems/railties-4.2.0.beta2/lib/rails/engine.rb:611:in `block in <class:Engine>'
	from /home/bugme666/.rbenv/versions/2.1.3/lib/ruby/gems/2.1.0/gems/railties-4.2.0.beta2/lib/rails/initializable.rb:30:in `instance_exec'
	from /home/bugme666/.rbenv/versions/2.1.3/lib/ruby/gems/2.1.0/gems/railties-4.2.0.beta2/lib/rails/initializable.rb:30:in `run'
	from /home/bugme666/.rbenv/versions/2.1.3/lib/ruby/gems/2.1.0/gems/railties-4.2.0.beta2/lib/rails/initializable.rb:55:in `block in run_initializers'
	from /home/bugme666/.rbenv/versions/2.1.3/lib/ruby/2.1.0/tsort.rb:226:in `block in tsort_each'
	from /home/bugme666/.rbenv/versions/2.1.3/lib/ruby/2.1.0/tsort.rb:348:in `block (2 levels) in each_strongly_connected_component'
	from /home/bugme666/.rbenv/versions/2.1.3/lib/ruby/2.1.0/tsort.rb:418:in `block (2 levels) in each_strongly_connected_component_from'
	from /home/bugme666/.rbenv/versions/2.1.3/lib/ruby/2.1.0/tsort.rb:427:in `each_strongly_connected_component_from'
	from /home/bugme666/.rbenv/versions/2.1.3/lib/ruby/2.1.0/tsort.rb:417:in `block in each_strongly_connected_component_from'
	from /home/bugme666/.rbenv/versions/2.1.3/lib/ruby/gems/2.1.0/gems/railties-4.2.0.beta2/lib/rails/initializable.rb:44:in `each'
	from /home/bugme666/.rbenv/versions/2.1.3/lib/ruby/gems/2.1.0/gems/railties-4.2.0.beta2/lib/rails/initializable.rb:44:in `tsort_each_child'
	from /home/bugme666/.rbenv/versions/2.1.3/lib/ruby/2.1.0/tsort.rb:411:in `call'
	from /home/bugme666/.rbenv/versions/2.1.3/lib/ruby/2.1.0/tsort.rb:411:in `each_strongly_connected_component_from'
	from /home/bugme666/.rbenv/versions/2.1.3/lib/ruby/2.1.0/tsort.rb:347:in `block in each_strongly_connected_component'
	from /home/bugme666/.rbenv/versions/2.1.3/lib/ruby/2.1.0/tsort.rb:345:in `each'
	from /home/bugme666/.rbenv/versions/2.1.3/lib/ruby/2.1.0/tsort.rb:345:in `call'
	from /home/bugme666/.rbenv/versions/2.1.3/lib/ruby/2.1.0/tsort.rb:345:in `each_strongly_connected_component'
	from /home/bugme666/.rbenv/versions/2.1.3/lib/ruby/2.1.0/tsort.rb:224:in `tsort_each'
	from /home/bugme666/.rbenv/versions/2.1.3/lib/ruby/2.1.0/tsort.rb:205:in `tsort_each'
	from /home/bugme666/.rbenv/versions/2.1.3/lib/ruby/gems/2.1.0/gems/railties-4.2.0.beta2/lib/rails/initializable.rb:54:in `run_initializers'
	from /home/bugme666/.rbenv/versions/2.1.3/lib/ruby/gems/2.1.0/gems/railties-4.2.0.beta2/lib/rails/application.rb:349:in `initialize!'
	from /home/bugme666/Coding/RubymineProjects/informator/config/environment.rb:5:in `<top (required)>'
	from /home/bugme666/Coding/RubymineProjects/informator/config/clock.rb:4:in `require_relative'
	from /home/bugme666/Coding/RubymineProjects/informator/config/clock.rb:4:in `<top (required)>'
	from /home/bugme666/.rbenv/versions/2.1.3/lib/ruby/gems/2.1.0/gems/clockwork-1.0.0/bin/clockworkd:88:in `require'
	from /home/bugme666/.rbenv/versions/2.1.3/lib/ruby/gems/2.1.0/gems/clockwork-1.0.0/bin/clockworkd:88:in `block in <top (required)>'
	from /home/bugme666/.rbenv/versions/2.1.3/lib/ruby/gems/2.1.0/gems/daemons-1.1.9/lib/daemons/application.rb:255:in `call'
	from /home/bugme666/.rbenv/versions/2.1.3/lib/ruby/gems/2.1.0/gems/daemons-1.1.9/lib/daemons/application.rb:255:in `block in start_proc'
	from /home/bugme666/.rbenv/versions/2.1.3/lib/ruby/gems/2.1.0/gems/daemons-1.1.9/lib/daemons/daemonize.rb:82:in `call'
	from /home/bugme666/.rbenv/versions/2.1.3/lib/ruby/gems/2.1.0/gems/daemons-1.1.9/lib/daemons/daemonize.rb:82:in `call_as_daemon'
	from /home/bugme666/.rbenv/versions/2.1.3/lib/ruby/gems/2.1.0/gems/daemons-1.1.9/lib/daemons/application.rb:259:in `start_proc'
	from /home/bugme666/.rbenv/versions/2.1.3/lib/ruby/gems/2.1.0/gems/daemons-1.1.9/lib/daemons/application.rb:296:in `start'
	from /home/bugme666/.rbenv/versions/2.1.3/lib/ruby/gems/2.1.0/gems/daemons-1.1.9/lib/daemons/controller.rb:70:in `run'
	from /home/bugme666/.rbenv/versions/2.1.3/lib/ruby/gems/2.1.0/gems/daemons-1.1.9/lib/daemons.rb:197:in `block in run_proc'
	from /home/bugme666/.rbenv/versions/2.1.3/lib/ruby/gems/2.1.0/gems/daemons-1.1.9/lib/daemons/cmdline.rb:109:in `call'
	from /home/bugme666/.rbenv/versions/2.1.3/lib/ruby/gems/2.1.0/gems/daemons-1.1.9/lib/daemons/cmdline.rb:109:in `catch_exceptions'
	from /home/bugme666/.rbenv/versions/2.1.3/lib/ruby/gems/2.1.0/gems/daemons-1.1.9/lib/daemons.rb:196:in `run_proc'
	from /home/bugme666/.rbenv/versions/2.1.3/lib/ruby/gems/2.1.0/gems/clockwork-1.0.0/bin/clockworkd:84:in `<top (required)>'
	from bin/clockworkd:16:in `load'
	from bin/clockworkd:16:in `<main>'
